<?xml version="1.0" encoding="UTF-8"?>
<!-- Generated by org.testng.reporters.JUnitXMLReporter -->
<testsuite ignored="9" hostname="DESKTOP-3F75N2A" failures="1" tests="1" name="Test" time="1.218" errors="0" timestamp="2023-08-04T13:08:11 IST">
  <testcase classname="com.mystore.testcases.LoginPageTest" name="loginTest" time="0.034">
    <failure type="java.lang.IllegalArgumentException" message="Driver must be set">
      <![CDATA[java.lang.IllegalArgumentException: Driver must be set
at org.openqa.selenium.internal.Require.nonNull(Require.java:60)
at org.openqa.selenium.interactions.Actions.<init>(Actions.java:59)
at com.mystore.actiondriver.ActionClass.click(ActionClass.java:49)
at com.mystore.pageobjects.IndexPage.ClickOnSignIn(IndexPage.java:33)
at com.mystore.testcases.LoginPageTest.loginTest(LoginPageTest.java:39)
at java.base/java.util.ArrayList.forEach(ArrayList.java:1511)
... Removed 25 stack frames]]>
    </failure>
  </testcase> <!-- loginTest -->
  <testcase classname="com.mystore.testcases.IndexPageTest" name="VerifyTitle" time="0.0">
    <ignored/>
  </testcase> <!-- VerifyTitle -->
  <testcase classname="com.mystore.testcases.AccountCreationPageTest" name="VerifyAccount" time="0.0">
    <ignored/>
  </testcase> <!-- VerifyAccount -->
  <testcase classname="com.mystore.testcases.OrderConfirmationPageTest" name="VerifyAddToCart" time="0.0">
    <ignored/>
  </testcase> <!-- VerifyAddToCart -->
  <testcase classname="com.mystore.testcases.PaymentPageTest" name="VerifyAddToCart" time="0.0">
    <ignored/>
  </testcase> <!-- VerifyAddToCart -->
  <testcase classname="com.mystore.testcases.HomePageTest" name="VerifyMyorders" time="0.0">
    <ignored/>
  </testcase> <!-- VerifyMyorders -->
  <testcase classname="com.mystore.testcases.OrderSummeryPageTest" name="VerifyAddToCart" time="0.0">
    <ignored/>
  </testcase> <!-- VerifyAddToCart -->
  <testcase classname="com.mystore.testcases.IndexPageTest" name="VerifyLogo" time="0.0">
    <ignored/>
  </testcase> <!-- VerifyLogo -->
  <testcase classname="com.mystore.testcases.SearchResultPageTest" name="VerifyProduct" time="0.0">
    <ignored/>
  </testcase> <!-- VerifyProduct -->
  <testcase classname="com.mystore.testcases.AddToCartPageTest" name="VerifyAddToCart" time="0.0">
    <ignored/>
  </testcase> <!-- VerifyAddToCart -->
</testsuite> <!-- Test -->
